2020-12-29 09:35:58.276 [main] INFO  com.yao.sys.SysApplication - Starting SysApplication on VIPER with PID 32976 (D:\IdeaProjects\ht_tb_web\sys\target\classes started by 10847 in D:\IdeaProjects\ht_tb_web)
2020-12-29 09:35:58.278 [main] INFO  com.yao.sys.SysApplication - The following profiles are active: dev
2020-12-29 09:35:58.800 [main] INFO  o.s.d.r.config.RepositoryConfigurationDelegate - Multiple Spring Data modules found, entering strict repository configuration mode!
2020-12-29 09:35:58.802 [main] INFO  o.s.d.r.config.RepositoryConfigurationDelegate - Bootstrapping Spring Data Redis repositories in DEFAULT mode.
2020-12-29 09:35:58.825 [main] INFO  o.s.d.r.config.RepositoryConfigurationDelegate - Finished Spring Data repository scanning in 12ms. Found 0 Redis repository interfaces.
2020-12-29 09:35:59.188 [main] INFO  o.s.boot.web.embedded.tomcat.TomcatWebServer - Tomcat initialized with port(s): 8080 (http)
2020-12-29 09:35:59.195 [main] INFO  org.apache.coyote.http11.Http11NioProtocol - Initializing ProtocolHandler ["http-nio-8080"]
2020-12-29 09:35:59.196 [main] INFO  org.apache.catalina.core.StandardService - Starting service [Tomcat]
2020-12-29 09:35:59.196 [main] INFO  org.apache.catalina.core.StandardEngine - Starting Servlet engine: [Apache Tomcat/9.0.36]
2020-12-29 09:35:59.291 [main] INFO  o.a.c.c.ContainerBase.[Tomcat].[localhost].[/httb] - Initializing Spring embedded WebApplicationContext
2020-12-29 09:35:59.291 [main] INFO  o.s.b.w.s.c.ServletWebServerApplicationContext - Root WebApplicationContext: initialization completed in 970 ms
2020-12-29 09:36:00.273 [main] INFO  org.apache.coyote.http11.Http11NioProtocol - Starting ProtocolHandler ["http-nio-8080"]
2020-12-29 09:36:00.290 [main] INFO  o.s.boot.web.embedded.tomcat.TomcatWebServer - Tomcat started on port(s): 8080 (http) with context path '/httb'
2020-12-29 09:36:00.298 [main] INFO  com.yao.sys.SysApplication - Started SysApplication in 2.686 seconds (JVM running for 3.589)
2020-12-29 09:36:00.300 [main] INFO  com.yao.sys.SysApplication - ----------------------项目启动成功----------------------
2020-12-29 09:36:10.492 [http-nio-8080-exec-1] INFO  o.a.c.c.ContainerBase.[Tomcat].[localhost].[/httb] - Initializing Spring DispatcherServlet 'dispatcherServlet'
2020-12-29 09:36:10.492 [http-nio-8080-exec-1] INFO  org.springframework.web.servlet.DispatcherServlet - Initializing Servlet 'dispatcherServlet'
2020-12-29 09:36:10.497 [http-nio-8080-exec-1] INFO  org.springframework.web.servlet.DispatcherServlet - Completed initialization in 5 ms
2020-12-29 09:36:10.508 [http-nio-8080-exec-1] INFO  com.yao.sys.interceptor.SysInterceptor - /index   GET
2020-12-29 09:36:11.428 [http-nio-8080-exec-4] INFO  com.zaxxer.hikari.HikariDataSource - HikariPool-1 - Starting...
2020-12-29 09:36:11.517 [http-nio-8080-exec-4] INFO  com.zaxxer.hikari.HikariDataSource - HikariPool-1 - Start completed.
2020-12-29 09:36:12.512 [http-nio-8080-exec-3] INFO  com.yao.sys.interceptor.SysInterceptor - /index   GET
2020-12-29 09:36:12.661 [http-nio-8080-exec-5] INFO  com.yao.sys.interceptor.SysInterceptor - /welcome   GET
